<?xml version="1.0" encoding="UTF-8"?>
<testng-results ignored="0" total="1" passed="1" failed="0" skipped="0">
  <reporter-output>
  </reporter-output>
  <suite started-at="2022-04-03T19:23:12 IST" name="Default suite" finished-at="2022-04-03T19:23:13 IST" duration-ms="1218">
    <groups>
    </groups>
    <test started-at="2022-04-03T19:23:12 IST" name="Default test" finished-at="2022-04-03T19:23:13 IST" duration-ms="1218">
      <class name="ReadData.App">
        <test-method signature="readData()[pri:0, instance:ReadData.App@71238fc2]" started-at="2022-04-03T19:23:12 IST" name="readData" finished-at="2022-04-03T19:23:13 IST" duration-ms="1150" status="PASS">
          <reporter-output>
          </reporter-output>
        </test-method> <!-- readData -->
      </class> <!-- ReadData.App -->
    </test> <!-- Default test -->
  </suite> <!-- Default suite -->
</testng-results>
