<?xml version="1.0" encoding="UTF-8"?>
<!-- Generated by org.testng.reporters.JUnitXMLReporter -->
<testsuite ignored="2" hostname="Sayan" failures="0" tests="1" name="Login Test" time="3.148" errors="0" timestamp="2022-07-21T21:43:29 IST">
  <testcase classname="com.myproject.testcases.LoginTest" name="loginAsBankManager" time="3.084"/>
  <testcase classname="com.myproject.base.TestBase" name="@AfterSuite tearDown" time="0.0">
    <ignored/>
  </testcase> <!-- @AfterSuite tearDown -->
  <testcase classname="com.myproject.base.TestBase" name="@BeforeSuite setUp" time="0.0">
    <ignored/>
  </testcase> <!-- @BeforeSuite setUp -->
</testsuite> <!-- Login Test -->
