<?xml version="1.0" encoding="UTF-8"?>
<!-- Generated by org.testng.reporters.JUnitXMLReporter -->
<testsuite ignored="0" hostname="Sayan" failures="1" tests="4" name="Dependency Test" time="0.029" errors="0" timestamp="2022-07-04T20:35:23 IST">
  <testcase classname="TestCases.TestCase3" name="doUserReg" time="0.002">
    <failure type="java.lang.AssertionError" message="User failed to register">
      <![CDATA[java.lang.AssertionError: User failed to register
at TestCases.TestCase3.doUserReg(TestCase3.java:10)
at java.base/java.util.ArrayList.forEach(ArrayList.java:1511)
... Removed 29 stack frames]]>
    </failure>
  </testcase> <!-- doUserReg -->
  <testcase classname="TestCases.TestCase3" name="doLogin" time="0.0">
    <skipped/>
  </testcase> <!-- doLogin -->
  <testcase classname="TestCases.TestCase3" name="thirdTest" time="0.002"/>
  <testcase classname="TestCases.TestCase3" name="fourthTest" time="0.0">
    <skipped/>
  </testcase> <!-- fourthTest -->
</testsuite> <!-- Dependency Test -->
