<?xml version="1.0" encoding="UTF-8"?>
<testng-results ignored="2" total="3" passed="1" failed="0" skipped="0">
  <reporter-output>
  </reporter-output>
  <suite started-at="2022-07-21T21:43:26 IST" name="Data Diven Basics" finished-at="2022-07-21T21:43:29 IST" duration-ms="3148">
    <groups>
    </groups>
    <test started-at="2022-07-21T21:43:26 IST" name="Login Test" finished-at="2022-07-21T21:43:29 IST" duration-ms="3148">
      <class name="com.myproject.testcases.LoginTest">
        <test-method is-config="true" signature="setUp()[pri:0, instance:com.myproject.testcases.LoginTest@27d4a09]" started-at="2022-07-21T21:43:22 IST" name="setUp" finished-at="2022-07-21T21:43:26 IST" duration-ms="4378" status="PASS">
          <reporter-output>
          </reporter-output>
        </test-method> <!-- setUp -->
        <test-method signature="loginAsBankManager()[pri:0, instance:com.myproject.testcases.LoginTest@27d4a09]" started-at="2022-07-21T21:43:26 IST" name="loginAsBankManager" finished-at="2022-07-21T21:43:29 IST" duration-ms="3084" status="PASS">
          <reporter-output>
          </reporter-output>
        </test-method> <!-- loginAsBankManager -->
        <test-method is-config="true" signature="tearDown()[pri:0, instance:com.myproject.testcases.LoginTest@27d4a09]" started-at="2022-07-21T21:43:29 IST" name="tearDown" finished-at="2022-07-21T21:43:30 IST" duration-ms="411" status="PASS">
          <reporter-output>
          </reporter-output>
        </test-method> <!-- tearDown -->
      </class> <!-- com.myproject.testcases.LoginTest -->
    </test> <!-- Login Test -->
  </suite> <!-- Data Diven Basics -->
</testng-results>
